app/build/intermediates/manifest_merge_blame_file/debug/manifest-merger-blame-debug-report.txt
1<?xml version="1.0" encoding="utf-8"?>
2<manifest xmlns:android="http://schemas.android.com/apk/res/android"
3    package="com.example.locationalarm"
4    android:versionCode="1"
5    android:versionName="1.0" >
6
7    <uses-sdk
8        android:minSdkVersion="26"
9        android:targetSdkVersion="34" />
10
11    <!-- Location permissions -->
12    <uses-permission android:name="android.permission.ACCESS_FINE_LOCATION" />
12-->src/main/AndroidManifest.xml:6:5-79
12-->src/main/AndroidManifest.xml:6:22-76
13    <uses-permission android:name="android.permission.ACCESS_COARSE_LOCATION" />
13-->src/main/AndroidManifest.xml:7:5-81
13-->src/main/AndroidManifest.xml:7:22-78
14
15    <!-- Notification permission (Android 13+) -->
16    <uses-permission android:name="android.permission.POST_NOTIFICATIONS" />
16-->src/main/AndroidManifest.xml:10:5-77
16-->src/main/AndroidManifest.xml:10:22-74
17
18    <!-- Alarm permissions -->
19    <uses-permission android:name="android.permission.SCHEDULE_EXACT_ALARM" />
19-->src/main/AndroidManifest.xml:13:5-79
19-->src/main/AndroidManifest.xml:13:22-76
20    <uses-permission android:name="android.permission.USE_EXACT_ALARM" />
20-->src/main/AndroidManifest.xml:14:5-74
20-->src/main/AndroidManifest.xml:14:22-71
21    <uses-permission android:name="android.permission.USE_FULL_SCREEN_INTENT" />
21-->src/main/AndroidManifest.xml:15:5-81
21-->src/main/AndroidManifest.xml:15:22-78
22
23    <!-- Service and wake -->
24    <uses-permission android:name="android.permission.FOREGROUND_SERVICE" />
24-->src/main/AndroidManifest.xml:18:5-77
24-->src/main/AndroidManifest.xml:18:22-74
25    <uses-permission android:name="android.permission.FOREGROUND_SERVICE_MEDIA_PLAYBACK" />
25-->src/main/AndroidManifest.xml:19:5-92
25-->src/main/AndroidManifest.xml:19:22-89
26    <uses-permission android:name="android.permission.WAKE_LOCK" />
26-->src/main/AndroidManifest.xml:20:5-68
26-->src/main/AndroidManifest.xml:20:22-65
27
28    <!-- Boot completed for rescheduling alarms -->
29    <uses-permission android:name="android.permission.RECEIVE_BOOT_COMPLETED" />
29-->src/main/AndroidManifest.xml:23:5-81
29-->src/main/AndroidManifest.xml:23:22-78
30
31    <!-- Vibration -->
32    <uses-permission android:name="android.permission.VIBRATE" />
32-->src/main/AndroidManifest.xml:26:5-66
32-->src/main/AndroidManifest.xml:26:22-63
33
34    <!-- Include required permissions for Google Maps API to run. -->
35    <uses-permission android:name="android.permission.ACCESS_NETWORK_STATE" />
35-->[com.google.android.gms:play-services-maps:18.2.0] AndroidManifest.xml:23:5-79
35-->[com.google.android.gms:play-services-maps:18.2.0] AndroidManifest.xml:23:22-76
36    <uses-permission android:name="android.permission.INTERNET" />
36-->[com.google.android.gms:play-services-maps:18.2.0] AndroidManifest.xml:24:5-67
36-->[com.google.android.gms:play-services-maps:18.2.0] AndroidManifest.xml:24:22-64
37
38    <uses-feature
38-->[com.google.android.gms:play-services-maps:18.2.0] AndroidManifest.xml:26:5-28:35
39        android:glEsVersion="0x00020000"
39-->[com.google.android.gms:play-services-maps:18.2.0] AndroidManifest.xml:27:9-41
40        android:required="true" />
40-->[com.google.android.gms:play-services-maps:18.2.0] AndroidManifest.xml:28:9-32
41
42    <queries>
42-->[com.google.android.gms:play-services-maps:18.2.0] AndroidManifest.xml:30:5-34:15
43
44        <!-- Needs to be explicitly declared on Android R+ -->
45        <package android:name="com.google.android.apps.maps" />
45-->[com.google.android.gms:play-services-maps:18.2.0] AndroidManifest.xml:33:9-64
45-->[com.google.android.gms:play-services-maps:18.2.0] AndroidManifest.xml:33:18-61
46    </queries>
47
48    <permission
48-->[androidx.core:core:1.12.0] AndroidManifest.xml:22:5-24:47
49        android:name="com.example.locationalarm.DYNAMIC_RECEIVER_NOT_EXPORTED_PERMISSION"
49-->[androidx.core:core:1.12.0] AndroidManifest.xml:23:9-81
50        android:protectionLevel="signature" />
50-->[androidx.core:core:1.12.0] AndroidManifest.xml:24:9-44
51
52    <uses-permission android:name="com.example.locationalarm.DYNAMIC_RECEIVER_NOT_EXPORTED_PERMISSION" />
52-->[androidx.core:core:1.12.0] AndroidManifest.xml:26:5-97
52-->[androidx.core:core:1.12.0] AndroidManifest.xml:26:22-94
53
54    <application
54-->src/main/AndroidManifest.xml:28:5-86:19
55        android:name="com.example.locationalarm.LocationAlarmApp"
55-->src/main/AndroidManifest.xml:29:9-41
56        android:allowBackup="true"
56-->src/main/AndroidManifest.xml:30:9-35
57        android:appComponentFactory="androidx.core.app.CoreComponentFactory"
57-->[androidx.core:core:1.12.0] AndroidManifest.xml:28:18-86
58        android:dataExtractionRules="@xml/data_extraction_rules"
58-->src/main/AndroidManifest.xml:31:9-65
59        android:debuggable="true"
60        android:extractNativeLibs="false"
61        android:fullBackupContent="@xml/backup_rules"
61-->src/main/AndroidManifest.xml:32:9-54
62        android:icon="@mipmap/ic_launcher"
62-->src/main/AndroidManifest.xml:33:9-43
63        android:label="@string/app_name"
63-->src/main/AndroidManifest.xml:34:9-41
64        android:roundIcon="@mipmap/ic_launcher_round"
64-->src/main/AndroidManifest.xml:35:9-54
65        android:supportsRtl="true"
65-->src/main/AndroidManifest.xml:36:9-35
66        android:testOnly="true"
67        android:theme="@style/Theme.LocationAlarm" >
67-->src/main/AndroidManifest.xml:37:9-51
68
69        <!-- Google Maps API Key -->
70        <meta-data
71            android:name="com.google.android.geo.API_KEY"
71-->src/main/AndroidManifest.xml:42:13-58
72            android:value="AIzaSyC9blTsUtUovl6dlIsIUW5CwgpNIUp4w7g" />
72-->src/main/AndroidManifest.xml:43:13-44
73
74        <!-- Main Activity -->
75        <activity
75-->src/main/AndroidManifest.xml:46:9-54:20
76            android:name="com.example.locationalarm.presentation.MainActivity"
76-->src/main/AndroidManifest.xml:47:13-54
77            android:exported="true"
77-->src/main/AndroidManifest.xml:48:13-36
78            android:theme="@style/Theme.LocationAlarm" >
78-->src/main/AndroidManifest.xml:49:13-55
79            <intent-filter>
79-->src/main/AndroidManifest.xml:50:13-53:29
80                <action android:name="android.intent.action.MAIN" />
80-->src/main/AndroidManifest.xml:51:17-69
80-->src/main/AndroidManifest.xml:51:25-66
81
82                <category android:name="android.intent.category.LAUNCHER" />
82-->src/main/AndroidManifest.xml:52:17-77
82-->src/main/AndroidManifest.xml:52:27-74
83            </intent-filter>
84        </activity>
85
86        <!-- Alarm Ringing Activity (Full Screen Intent) -->
87        <activity
87-->src/main/AndroidManifest.xml:57:9-64:58
88            android:name="com.example.locationalarm.presentation.ringing.AlarmRingingActivity"
88-->src/main/AndroidManifest.xml:58:13-70
89            android:exported="false"
89-->src/main/AndroidManifest.xml:59:13-37
90            android:launchMode="singleInstance"
90-->src/main/AndroidManifest.xml:60:13-48
91            android:showOnLockScreen="true"
91-->src/main/AndroidManifest.xml:61:13-44
92            android:showWhenLocked="true"
92-->src/main/AndroidManifest.xml:62:13-42
93            android:theme="@style/Theme.LocationAlarm"
93-->src/main/AndroidManifest.xml:64:13-55
94            android:turnScreenOn="true" />
94-->src/main/AndroidManifest.xml:63:13-40
95
96        <!-- Alarm Receiver -->
97        <receiver
97-->src/main/AndroidManifest.xml:67:9-69:40
98            android:name="com.example.locationalarm.alarm.AlarmReceiver"
98-->src/main/AndroidManifest.xml:68:13-48
99            android:exported="false" />
99-->src/main/AndroidManifest.xml:69:13-37
100
101        <!-- Boot Receiver -->
102        <receiver
102-->src/main/AndroidManifest.xml:72:9-78:20
103            android:name="com.example.locationalarm.alarm.BootReceiver"
103-->src/main/AndroidManifest.xml:73:13-47
104            android:exported="false" >
104-->src/main/AndroidManifest.xml:74:13-37
105            <intent-filter>
105-->src/main/AndroidManifest.xml:75:13-77:29
106                <action android:name="android.intent.action.BOOT_COMPLETED" />
106-->src/main/AndroidManifest.xml:76:17-79
106-->src/main/AndroidManifest.xml:76:25-76
107            </intent-filter>
108        </receiver>
109
110        <!-- Alarm Service -->
111        <service
111-->src/main/AndroidManifest.xml:81:9-84:61
112            android:name="com.example.locationalarm.alarm.AlarmService"
112-->src/main/AndroidManifest.xml:82:13-47
113            android:exported="false"
113-->src/main/AndroidManifest.xml:83:13-37
114            android:foregroundServiceType="mediaPlayback" />
114-->src/main/AndroidManifest.xml:84:13-58
115
116        <!-- Needs to be explicitly declared on P+ -->
117        <uses-library
117-->[com.google.android.gms:play-services-maps:18.2.0] AndroidManifest.xml:39:9-41:40
118            android:name="org.apache.http.legacy"
118-->[com.google.android.gms:play-services-maps:18.2.0] AndroidManifest.xml:40:13-50
119            android:required="false" />
119-->[com.google.android.gms:play-services-maps:18.2.0] AndroidManifest.xml:41:13-37
120
121        <activity
121-->[com.google.android.gms:play-services-base:18.1.0] AndroidManifest.xml:20:9-22:45
122            android:name="com.google.android.gms.common.api.GoogleApiActivity"
122-->[com.google.android.gms:play-services-base:18.1.0] AndroidManifest.xml:20:19-85
123            android:exported="false"
123-->[com.google.android.gms:play-services-base:18.1.0] AndroidManifest.xml:22:19-43
124            android:theme="@android:style/Theme.Translucent.NoTitleBar" />
124-->[com.google.android.gms:play-services-base:18.1.0] AndroidManifest.xml:21:19-78
125        <activity
125-->[androidx.compose.ui:ui-tooling-android:1.6.1] AndroidManifest.xml:23:9-25:39
126            android:name="androidx.compose.ui.tooling.PreviewActivity"
126-->[androidx.compose.ui:ui-tooling-android:1.6.1] AndroidManifest.xml:24:13-71
127            android:exported="true" />
127-->[androidx.compose.ui:ui-tooling-android:1.6.1] AndroidManifest.xml:25:13-36
128        <activity
128-->[androidx.compose.ui:ui-test-manifest:1.6.1] AndroidManifest.xml:23:9-25:39
129            android:name="androidx.activity.ComponentActivity"
129-->[androidx.compose.ui:ui-test-manifest:1.6.1] AndroidManifest.xml:24:13-63
130            android:exported="true" />
130-->[androidx.compose.ui:ui-test-manifest:1.6.1] AndroidManifest.xml:25:13-36
131
132        <provider
132-->[androidx.emoji2:emoji2:1.3.0] AndroidManifest.xml:24:9-32:20
133            android:name="androidx.startup.InitializationProvider"
133-->[androidx.emoji2:emoji2:1.3.0] AndroidManifest.xml:25:13-67
134            android:authorities="com.example.locationalarm.androidx-startup"
134-->[androidx.emoji2:emoji2:1.3.0] AndroidManifest.xml:26:13-68
135            android:exported="false" >
135-->[androidx.emoji2:emoji2:1.3.0] AndroidManifest.xml:27:13-37
136            <meta-data
136-->[androidx.emoji2:emoji2:1.3.0] AndroidManifest.xml:29:13-31:52
137                android:name="androidx.emoji2.text.EmojiCompatInitializer"
137-->[androidx.emoji2:emoji2:1.3.0] AndroidManifest.xml:30:17-75
138                android:value="androidx.startup" />
138-->[androidx.emoji2:emoji2:1.3.0] AndroidManifest.xml:31:17-49
139            <meta-data
139-->[androidx.lifecycle:lifecycle-process:2.7.0] AndroidManifest.xml:29:13-31:52
140                android:name="androidx.lifecycle.ProcessLifecycleInitializer"
140-->[androidx.lifecycle:lifecycle-process:2.7.0] AndroidManifest.xml:30:17-78
141                android:value="androidx.startup" />
141-->[androidx.lifecycle:lifecycle-process:2.7.0] AndroidManifest.xml:31:17-49
142            <meta-data
142-->[androidx.profileinstaller:profileinstaller:1.3.0] AndroidManifest.xml:29:13-31:52
143                android:name="androidx.profileinstaller.ProfileInstallerInitializer"
143-->[androidx.profileinstaller:profileinstaller:1.3.0] AndroidManifest.xml:30:17-85
144                android:value="androidx.startup" />
144-->[androidx.profileinstaller:profileinstaller:1.3.0] AndroidManifest.xml:31:17-49
145        </provider>
146
147        <service
147-->[androidx.room:room-runtime:2.6.1] AndroidManifest.xml:24:9-28:63
148            android:name="androidx.room.MultiInstanceInvalidationService"
148-->[androidx.room:room-runtime:2.6.1] AndroidManifest.xml:25:13-74
149            android:directBootAware="true"
149-->[androidx.room:room-runtime:2.6.1] AndroidManifest.xml:26:13-43
150            android:exported="false" />
150-->[androidx.room:room-runtime:2.6.1] AndroidManifest.xml:27:13-37
151
152        <meta-data
152-->[com.google.android.gms:play-services-basement:18.1.0] AndroidManifest.xml:21:9-23:69
153            android:name="com.google.android.gms.version"
153-->[com.google.android.gms:play-services-basement:18.1.0] AndroidManifest.xml:22:13-58
154            android:value="@integer/google_play_services_version" />
154-->[com.google.android.gms:play-services-basement:18.1.0] AndroidManifest.xml:23:13-66
155
156        <receiver
156-->[androidx.profileinstaller:profileinstaller:1.3.0] AndroidManifest.xml:34:9-52:20
157            android:name="androidx.profileinstaller.ProfileInstallReceiver"
157-->[androidx.profileinstaller:profileinstaller:1.3.0] AndroidManifest.xml:35:13-76
158            android:directBootAware="false"
158-->[androidx.profileinstaller:profileinstaller:1.3.0] AndroidManifest.xml:36:13-44
159            android:enabled="true"
159-->[androidx.profileinstaller:profileinstaller:1.3.0] AndroidManifest.xml:37:13-35
160            android:exported="true"
160-->[androidx.profileinstaller:profileinstaller:1.3.0] AndroidManifest.xml:38:13-36
161            android:permission="android.permission.DUMP" >
161-->[androidx.profileinstaller:profileinstaller:1.3.0] AndroidManifest.xml:39:13-57
162            <intent-filter>
162-->[androidx.profileinstaller:profileinstaller:1.3.0] AndroidManifest.xml:40:13-42:29
163                <action android:name="androidx.profileinstaller.action.INSTALL_PROFILE" />
163-->[androidx.profileinstaller:profileinstaller:1.3.0] AndroidManifest.xml:41:17-91
163-->[androidx.profileinstaller:profileinstaller:1.3.0] AndroidManifest.xml:41:25-88
164            </intent-filter>
165            <intent-filter>
165-->[androidx.profileinstaller:profileinstaller:1.3.0] AndroidManifest.xml:43:13-45:29
166                <action android:name="androidx.profileinstaller.action.SKIP_FILE" />
166-->[androidx.profileinstaller:profileinstaller:1.3.0] AndroidManifest.xml:44:17-85
166-->[androidx.profileinstaller:profileinstaller:1.3.0] AndroidManifest.xml:44:25-82
167            </intent-filter>
168            <intent-filter>
168-->[androidx.profileinstaller:profileinstaller:1.3.0] AndroidManifest.xml:46:13-48:29
169                <action android:name="androidx.profileinstaller.action.SAVE_PROFILE" />
169-->[androidx.profileinstaller:profileinstaller:1.3.0] AndroidManifest.xml:47:17-88
169-->[androidx.profileinstaller:profileinstaller:1.3.0] AndroidManifest.xml:47:25-85
170            </intent-filter>
171            <intent-filter>
171-->[androidx.profileinstaller:profileinstaller:1.3.0] AndroidManifest.xml:49:13-51:29
172                <action android:name="androidx.profileinstaller.action.BENCHMARK_OPERATION" />
172-->[androidx.profileinstaller:profileinstaller:1.3.0] AndroidManifest.xml:50:17-95
172-->[androidx.profileinstaller:profileinstaller:1.3.0] AndroidManifest.xml:50:25-92
173            </intent-filter>
174        </receiver>
175    </application>
176
177</manifest>